Start testing: Nov 05 09:45 AUS Eastern Summer Time
----------------------------------------------------------
1/24 Testing: MstBoruvkaTest.EmptyGraph
1/24 Test: MstBoruvkaTest.EmptyGraph
Command: "C:/Users/letha/Documents/UTS/Advanced Algorithms/assessment 3/Assessment-3-advance-al/build/Debug/AssessmentTests.exe" "--gtest_filter=MstBoruvkaTest.EmptyGraph" "--gtest_also_run_disabled_tests"
Directory: C:/Users/letha/Documents/UTS/Advanced Algorithms/assessment 3/Assessment-3-advance-al/build
"MstBoruvkaTest.EmptyGraph" start time: Nov 05 09:45 AUS Eastern Summer Time
Output:
----------------------------------------------------------
Note: Google Test filter = MstBoruvkaTest.EmptyGraph
[==========] Running 1 test from 1 test suite.
[----------] Global test environment set-up.
[----------] 1 test from MstBoruvkaTest
[ RUN      ] MstBoruvkaTest.EmptyGraph
[       OK ] MstBoruvkaTest.EmptyGraph (0 ms)
[----------] 1 test from MstBoruvkaTest (0 ms total)

[----------] Global test environment tear-down
[==========] 1 test from 1 test suite ran. (0 ms total)
[  PASSED  ] 1 test.
<end of output>
Test time =   0.01 sec
----------------------------------------------------------
Test Passed.
"MstBoruvkaTest.EmptyGraph" end time: Nov 05 09:45 AUS Eastern Summer Time
"MstBoruvkaTest.EmptyGraph" time elapsed: 00:00:00
----------------------------------------------------------

2/24 Testing: MstBoruvkaTest.noEdgeGraph
2/24 Test: MstBoruvkaTest.noEdgeGraph
Command: "C:/Users/letha/Documents/UTS/Advanced Algorithms/assessment 3/Assessment-3-advance-al/build/Debug/AssessmentTests.exe" "--gtest_filter=MstBoruvkaTest.noEdgeGraph" "--gtest_also_run_disabled_tests"
Directory: C:/Users/letha/Documents/UTS/Advanced Algorithms/assessment 3/Assessment-3-advance-al/build
"MstBoruvkaTest.noEdgeGraph" start time: Nov 05 09:45 AUS Eastern Summer Time
Output:
----------------------------------------------------------
Note: Google Test filter = MstBoruvkaTest.noEdgeGraph
[==========] Running 1 test from 1 test suite.
[----------] Global test environment set-up.
[----------] 1 test from MstBoruvkaTest
[ RUN      ] MstBoruvkaTest.noEdgeGraph
[       OK ] MstBoruvkaTest.noEdgeGraph (0 ms)
[----------] 1 test from MstBoruvkaTest (0 ms total)

[----------] Global test environment tear-down
[==========] 1 test from 1 test suite ran. (0 ms total)
[  PASSED  ] 1 test.
<end of output>
Test time =   0.01 sec
----------------------------------------------------------
Test Passed.
"MstBoruvkaTest.noEdgeGraph" end time: Nov 05 09:45 AUS Eastern Summer Time
"MstBoruvkaTest.noEdgeGraph" time elapsed: 00:00:00
----------------------------------------------------------

3/24 Testing: BoruvkaTest.AustralianCities
3/24 Test: BoruvkaTest.AustralianCities
Command: "C:/Users/letha/Documents/UTS/Advanced Algorithms/assessment 3/Assessment-3-advance-al/build/Debug/AssessmentTests.exe" "--gtest_filter=BoruvkaTest.AustralianCities" "--gtest_also_run_disabled_tests"
Directory: C:/Users/letha/Documents/UTS/Advanced Algorithms/assessment 3/Assessment-3-advance-al/build
"BoruvkaTest.AustralianCities" start time: Nov 05 09:45 AUS Eastern Summer Time
Output:
----------------------------------------------------------
Note: Google Test filter = BoruvkaTest.AustralianCities
[==========] Running 1 test from 1 test suite.
[----------] Global test environment set-up.
[----------] 1 test from BoruvkaTest
[ RUN      ] BoruvkaTest.AustralianCities
[       OK ] BoruvkaTest.AustralianCities (0 ms)
[----------] 1 test from BoruvkaTest (0 ms total)

[----------] Global test environment tear-down
[==========] 1 test from 1 test suite ran. (0 ms total)
[  PASSED  ] 1 test.
<end of output>
Test time =   0.01 sec
----------------------------------------------------------
Test Passed.
"BoruvkaTest.AustralianCities" end time: Nov 05 09:45 AUS Eastern Summer Time
"BoruvkaTest.AustralianCities" time elapsed: 00:00:00
----------------------------------------------------------

4/24 Testing: BoruvkaTest.tinyEWG
4/24 Test: BoruvkaTest.tinyEWG
Command: "C:/Users/letha/Documents/UTS/Advanced Algorithms/assessment 3/Assessment-3-advance-al/build/Debug/AssessmentTests.exe" "--gtest_filter=BoruvkaTest.tinyEWG" "--gtest_also_run_disabled_tests"
Directory: C:/Users/letha/Documents/UTS/Advanced Algorithms/assessment 3/Assessment-3-advance-al/build
"BoruvkaTest.tinyEWG" start time: Nov 05 09:45 AUS Eastern Summer Time
Output:
----------------------------------------------------------
Note: Google Test filter = BoruvkaTest.tinyEWG
[==========] Running 1 test from 1 test suite.
[----------] Global test environment set-up.
[----------] 1 test from BoruvkaTest
[ RUN      ] BoruvkaTest.tinyEWG
[       OK ] BoruvkaTest.tinyEWG (0 ms)
[----------] 1 test from BoruvkaTest (0 ms total)

[----------] Global test environment tear-down
[==========] 1 test from 1 test suite ran. (0 ms total)
[  PASSED  ] 1 test.
<end of output>
Test time =   0.01 sec
----------------------------------------------------------
Test Passed.
"BoruvkaTest.tinyEWG" end time: Nov 05 09:45 AUS Eastern Summer Time
"BoruvkaTest.tinyEWG" time elapsed: 00:00:00
----------------------------------------------------------

5/24 Testing: BoruvkaTest.disconnectedGraph
5/24 Test: BoruvkaTest.disconnectedGraph
Command: "C:/Users/letha/Documents/UTS/Advanced Algorithms/assessment 3/Assessment-3-advance-al/build/Debug/AssessmentTests.exe" "--gtest_filter=BoruvkaTest.disconnectedGraph" "--gtest_also_run_disabled_tests"
Directory: C:/Users/letha/Documents/UTS/Advanced Algorithms/assessment 3/Assessment-3-advance-al/build
"BoruvkaTest.disconnectedGraph" start time: Nov 05 09:45 AUS Eastern Summer Time
Output:
----------------------------------------------------------
Note: Google Test filter = BoruvkaTest.disconnectedGraph
[==========] Running 1 test from 1 test suite.
[----------] Global test environment set-up.
[----------] 1 test from BoruvkaTest
[ RUN      ] BoruvkaTest.disconnectedGraph
[       OK ] BoruvkaTest.disconnectedGraph (0 ms)
[----------] 1 test from BoruvkaTest (0 ms total)

[----------] Global test environment tear-down
[==========] 1 test from 1 test suite ran. (0 ms total)
[  PASSED  ] 1 test.
<end of output>
Test time =   0.01 sec
----------------------------------------------------------
Test Passed.
"BoruvkaTest.disconnectedGraph" end time: Nov 05 09:45 AUS Eastern Summer Time
"BoruvkaTest.disconnectedGraph" time elapsed: 00:00:00
----------------------------------------------------------

6/24 Testing: MstTest.mediumEWG
6/24 Test: MstTest.mediumEWG
Command: "C:/Users/letha/Documents/UTS/Advanced Algorithms/assessment 3/Assessment-3-advance-al/build/Debug/AssessmentTests.exe" "--gtest_filter=MstTest.mediumEWG" "--gtest_also_run_disabled_tests"
Directory: C:/Users/letha/Documents/UTS/Advanced Algorithms/assessment 3/Assessment-3-advance-al/build
"MstTest.mediumEWG" start time: Nov 05 09:45 AUS Eastern Summer Time
Output:
----------------------------------------------------------
Note: Google Test filter = MstTest.mediumEWG
[==========] Running 1 test from 1 test suite.
[----------] Global test environment set-up.
[----------] 1 test from MstTest
[ RUN      ] MstTest.mediumEWG
mediumEWG.txt could not be opened
C:\Users\letha\Documents\UTS\Advanced Algorithms\assessment 3\Assessment-3-advance-al\mainTest.cpp(68): error: The difference between primsMST.edgeWeightSum() and 10.46351 is 10.463509999999999, which exceeds 0.00001, where
primsMST.edgeWeightSum() evaluates to 0,
10.46351 evaluates to 10.463509999999999, and
0.00001 evaluates to 1.0000000000000001e-05.

[  FAILED  ] MstTest.mediumEWG (0 ms)
[----------] 1 test from MstTest (0 ms total)

[----------] Global test environment tear-down
[==========] 1 test from 1 test suite ran. (1 ms total)
[  PASSED  ] 0 tests.
[  FAILED  ] 1 test, listed below:
[  FAILED  ] MstTest.mediumEWG

 1 FAILED TEST
<end of output>
Test time =   0.12 sec
----------------------------------------------------------
Test Failed.
"MstTest.mediumEWG" end time: Nov 05 09:45 AUS Eastern Summer Time
"MstTest.mediumEWG" time elapsed: 00:00:00
----------------------------------------------------------

7/24 Testing: MstTest.smallRandomEuclidean
7/24 Test: MstTest.smallRandomEuclidean
Command: "C:/Users/letha/Documents/UTS/Advanced Algorithms/assessment 3/Assessment-3-advance-al/build/Debug/AssessmentTests.exe" "--gtest_filter=MstTest.smallRandomEuclidean" "--gtest_also_run_disabled_tests"
Directory: C:/Users/letha/Documents/UTS/Advanced Algorithms/assessment 3/Assessment-3-advance-al/build
"MstTest.smallRandomEuclidean" start time: Nov 05 09:45 AUS Eastern Summer Time
Output:
----------------------------------------------------------
Note: Google Test filter = MstTest.smallRandomEuclidean
[==========] Running 1 test from 1 test suite.
[----------] Global test environment set-up.
[----------] 1 test from MstTest
[ RUN      ] MstTest.smallRandomEuclidean
[       OK ] MstTest.smallRandomEuclidean (0 ms)
[----------] 1 test from MstTest (0 ms total)

[----------] Global test environment tear-down
[==========] 1 test from 1 test suite ran. (0 ms total)
[  PASSED  ] 1 test.
<end of output>
Test time =   0.01 sec
----------------------------------------------------------
Test Passed.
"MstTest.smallRandomEuclidean" end time: Nov 05 09:45 AUS Eastern Summer Time
"MstTest.smallRandomEuclidean" time elapsed: 00:00:00
----------------------------------------------------------

8/24 Testing: MstTest.smallRandomEuclidean2
8/24 Test: MstTest.smallRandomEuclidean2
Command: "C:/Users/letha/Documents/UTS/Advanced Algorithms/assessment 3/Assessment-3-advance-al/build/Debug/AssessmentTests.exe" "--gtest_filter=MstTest.smallRandomEuclidean2" "--gtest_also_run_disabled_tests"
Directory: C:/Users/letha/Documents/UTS/Advanced Algorithms/assessment 3/Assessment-3-advance-al/build
"MstTest.smallRandomEuclidean2" start time: Nov 05 09:45 AUS Eastern Summer Time
Output:
----------------------------------------------------------
Note: Google Test filter = MstTest.smallRandomEuclidean2
[==========] Running 1 test from 1 test suite.
[----------] Global test environment set-up.
[----------] 1 test from MstTest
[ RUN      ] MstTest.smallRandomEuclidean2
[       OK ] MstTest.smallRandomEuclidean2 (0 ms)
[----------] 1 test from MstTest (0 ms total)

[----------] Global test environment tear-down
[==========] 1 test from 1 test suite ran. (1 ms total)
[  PASSED  ] 1 test.
<end of output>
Test time =   0.01 sec
----------------------------------------------------------
Test Passed.
"MstTest.smallRandomEuclidean2" end time: Nov 05 09:45 AUS Eastern Summer Time
"MstTest.smallRandomEuclidean2" time elapsed: 00:00:00
----------------------------------------------------------

9/24 Testing: MstTest.mediumRandomEuclidean
9/24 Test: MstTest.mediumRandomEuclidean
Command: "C:/Users/letha/Documents/UTS/Advanced Algorithms/assessment 3/Assessment-3-advance-al/build/Debug/AssessmentTests.exe" "--gtest_filter=MstTest.mediumRandomEuclidean" "--gtest_also_run_disabled_tests"
Directory: C:/Users/letha/Documents/UTS/Advanced Algorithms/assessment 3/Assessment-3-advance-al/build
"MstTest.mediumRandomEuclidean" start time: Nov 05 09:45 AUS Eastern Summer Time
Output:
----------------------------------------------------------
Note: Google Test filter = MstTest.mediumRandomEuclidean
[==========] Running 1 test from 1 test suite.
[----------] Global test environment set-up.
[----------] 1 test from MstTest
[ RUN      ] MstTest.mediumRandomEuclidean
[       OK ] MstTest.mediumRandomEuclidean (18 ms)
[----------] 1 test from MstTest (18 ms total)

[----------] Global test environment tear-down
[==========] 1 test from 1 test suite ran. (19 ms total)
[  PASSED  ] 1 test.
<end of output>
Test time =   0.03 sec
----------------------------------------------------------
Test Passed.
"MstTest.mediumRandomEuclidean" end time: Nov 05 09:45 AUS Eastern Summer Time
"MstTest.mediumRandomEuclidean" time elapsed: 00:00:00
----------------------------------------------------------

10/24 Testing: MstTest.largeRandomEuclidean
10/24 Test: MstTest.largeRandomEuclidean
Command: "C:/Users/letha/Documents/UTS/Advanced Algorithms/assessment 3/Assessment-3-advance-al/build/Debug/AssessmentTests.exe" "--gtest_filter=MstTest.largeRandomEuclidean" "--gtest_also_run_disabled_tests"
Directory: C:/Users/letha/Documents/UTS/Advanced Algorithms/assessment 3/Assessment-3-advance-al/build
"MstTest.largeRandomEuclidean" start time: Nov 05 09:45 AUS Eastern Summer Time
Output:
----------------------------------------------------------
Note: Google Test filter = MstTest.largeRandomEuclidean
[==========] Running 1 test from 1 test suite.
[----------] Global test environment set-up.
[----------] 1 test from MstTest
[ RUN      ] MstTest.largeRandomEuclidean
[       OK ] MstTest.largeRandomEuclidean (202 ms)
[----------] 1 test from MstTest (202 ms total)

[----------] Global test environment tear-down
[==========] 1 test from 1 test suite ran. (203 ms total)
[  PASSED  ] 1 test.
<end of output>
Test time =   0.21 sec
----------------------------------------------------------
Test Passed.
"MstTest.largeRandomEuclidean" end time: Nov 05 09:45 AUS Eastern Summer Time
"MstTest.largeRandomEuclidean" time elapsed: 00:00:00
----------------------------------------------------------

11/24 Testing: MstTest.largeSparseRandomEuclidean
11/24 Test: MstTest.largeSparseRandomEuclidean
Command: "C:/Users/letha/Documents/UTS/Advanced Algorithms/assessment 3/Assessment-3-advance-al/build/Debug/AssessmentTests.exe" "--gtest_filter=MstTest.largeSparseRandomEuclidean" "--gtest_also_run_disabled_tests"
Directory: C:/Users/letha/Documents/UTS/Advanced Algorithms/assessment 3/Assessment-3-advance-al/build
"MstTest.largeSparseRandomEuclidean" start time: Nov 05 09:45 AUS Eastern Summer Time
Output:
----------------------------------------------------------
Note: Google Test filter = MstTest.largeSparseRandomEuclidean
[==========] Running 1 test from 1 test suite.
[----------] Global test environment set-up.
[----------] 1 test from MstTest
[ RUN      ] MstTest.largeSparseRandomEuclidean
[       OK ] MstTest.largeSparseRandomEuclidean (44 ms)
[----------] 1 test from MstTest (44 ms total)

[----------] Global test environment tear-down
[==========] 1 test from 1 test suite ran. (45 ms total)
[  PASSED  ] 1 test.
<end of output>
Test time =   0.16 sec
----------------------------------------------------------
Test Passed.
"MstTest.largeSparseRandomEuclidean" end time: Nov 05 09:45 AUS Eastern Summer Time
"MstTest.largeSparseRandomEuclidean" time elapsed: 00:00:00
----------------------------------------------------------

